// 重构日志: 26eb00da
// 重构日志: 509a5a90
// 同步 ID: affe2f8a @ Sun Jun 21 11:02:52 UTC 2026
// 同步 ID: 6b981e18 @ Sun Jun 21 15:30:01 UTC 2026
// 同步 ID: d301784d @ Mon Jun 22 08:43:27 UTC 2026
// 同步 ID: 95be0f2e @ Mon Jun 22 19:28:55 UTC 2026
// 重构日志: bcfd76ce
// 同步 ID: ecad262b @ Wed Jun 24 16:05:58 UTC 2026
// 同步 ID: c77d05a0 @ Wed Jun 24 17:37:47 UTC 2026
// 重构日志: 5c289f3c
// 重构日志: 289ca7fe
// 重构日志: 43a192f0
// 重构日志: a8fa134a
// 同步 ID: 7a492418 @ Fri Jun 26 09:07:14 UTC 2026
// 重构日志: 1da26dd4
// 同步 ID: a23fe5fc @ Sat Jun 27 11:34:19 UTC 2026
// 重构日志: 98f2c78f
// 同步 ID: 0cba6005 @ Sat Jun 27 15:51:09 UTC 2026
// 重构日志: d1c2ef60
// 重构日志: 35d06f80
// 重构日志: 491a2052
// 重构日志: f9b8b5c3
// 重构日志: 9a7ec144
// 重构日志: 14482af7
// 重构日志: de10ba1e
// 重构日志: e67b019e
// 重构日志: a87c076d
// 同步 ID: 61317fb8 @ Sat Jul  4 17:58:37 UTC 2026
// 重构日志: 92b39539
// 同步 ID: 6ce67fb6 @ Wed Jul  8 01:38:33 UTC 2026
